#
# A fatal error has been detected by the Java Runtime Environment:
#
#  Internal Error (javaClasses.cpp:129), pid=4276, tid=2392
#  fatal error: Invalid layout of preloaded class
#
# JRE version: 7.0_25-b17
# Java VM: Java HotSpot(TM) 64-Bit Server VM (23.25-b01 mixed mode windows-amd64 compressed oops)
# Failed to write core dump. Minidumps are not enabled by default on client versions of Windows
#
# If you would like to submit a bug report, please visit:
#   http://bugreport.sun.com/bugreport/crash.jsp
#

---------------  T H R E A D  ---------------

Current thread (0x0000000001c9d000):  JavaThread "Unknown thread" [_thread_in_vm, id=2392, stack(0x00000000023e0000,0x00000000024e0000)]

Stack: [0x00000000023e0000,0x00000000024e0000]

---------------  P R O C E S S  ---------------

Java Threads: ( => current thread )

Other Threads:

=>0x0000000001c9d000 (exited) JavaThread "Unknown thread" [_thread_in_vm, id=2392, stack(0x00000000023e0000,0x00000000024e0000)]

VM state:not at safepoint (not fully initialized)

VM Mutex/Monitor currently owned by a thread: None

GC Heap History (0 events):
No events

Deoptimization events (0 events):
No events

Internal exceptions (0 events):
No events

Events (10 events):
Event: 0.093 loading class 0x0000000002293780 done
Event: 0.093 loading class 0x000000000225acb0 done
Event: 0.093 loading class 0x000000000225ac80
Event: 0.093 loading class 0x00000000022e3a40
Event: 0.093 loading class 0x00000000022e3a40 done
Event: 0.093 loading class 0x00000000022e3a80
Event: 0.093 loading class 0x00000000022e3a80 done
Event: 0.093 loading class 0x00000000022e5c10
Event: 0.093 loading class 0x00000000022e5c10 done
Event: 0.093 loading class 0x000000000225ac80 done


Dynamic libraries:
0x000000013f180000 - 0x000000013f1b3000 	C:\Program Files\Java\jre7\bin\javaw.exe
0x0000000076f60000 - 0x000000007710b000 	C:\Windows\SYSTEM32\ntdll.dll
0x0000000076e40000 - 0x0000000076f5f000 	C:\Windows\system32\kernel32.dll
0x000007fefcf70000 - 0x000007fefcfdb000 	C:\Windows\system32\KERNELBASE.dll
0x000007fefd890000 - 0x000007fefd96b000 	C:\Windows\system32\ADVAPI32.dll
0x000007fefd460000 - 0x000007fefd4ff000 	C:\Windows\system32\msvcrt.dll
0x000007fefdfb0000 - 0x000007fefdfcf000 	C:\Windows\SYSTEM32\sechost.dll
0x000007fefd760000 - 0x000007fefd88e000 	C:\Windows\system32\RPCRT4.dll
0x0000000076d40000 - 0x0000000076e3a000 	C:\Windows\system32\USER32.dll
0x000007fefdea0000 - 0x000007fefdf07000 	C:\Windows\system32\GDI32.dll
0x000007fefdac0000 - 0x000007fefdace000 	C:\Windows\system32\LPK.dll
0x000007fefd340000 - 0x000007fefd40a000 	C:\Windows\system32\USP10.dll
0x000007fefb890000 - 0x000007fefba84000 	C:\Windows\WinSxS\amd64_microsoft.windows.common-controls_6595b64144ccf1df_6.0.7600.16385_none_fa645303170382f6\COMCTL32.dll
0x000007fefdd10000 - 0x000007fefdd81000 	C:\Windows\system32\SHLWAPI.dll
0x000007fefd310000 - 0x000007fefd33e000 	C:\Windows\system32\IMM32.DLL
0x000007fefdd90000 - 0x000007fefde99000 	C:\Windows\system32\MSCTF.dll
0x0000000065fb0000 - 0x0000000066081000 	C:\Program Files\Java\jre7\bin\msvcr100.dll
0x00000000658a0000 - 0x0000000065faf000 	C:\Program Files\Java\jre7\bin\server\jvm.dll
0x000007fef3170000 - 0x000007fef3179000 	C:\Windows\system32\WSOCK32.dll
0x000007fefd410000 - 0x000007fefd45d000 	C:\Windows\system32\WS2_32.dll
0x000007fefdd00000 - 0x000007fefdd08000 	C:\Windows\system32\NSI.dll
0x000007fefad70000 - 0x000007fefadab000 	C:\Windows\system32\WINMM.dll
0x0000000077120000 - 0x0000000077127000 	C:\Windows\system32\PSAPI.DLL
0x0000000065890000 - 0x000000006589f000 	C:\Program Files\Java\jre7\bin\verify.dll
0x0000000065860000 - 0x0000000065888000 	C:\Program Files\Java\jre7\bin\java.dll
0x000000005fac0000 - 0x000000005faf5000 	C:\Program Files\Java\jre7\bin\jdwp.dll
0x000000005fbb0000 - 0x000000005fbb8000 	C:\Program Files\Java\jre7\bin\npt.dll
0x0000000065790000 - 0x00000000657a5000 	C:\Program Files\Java\jre7\bin\zip.dll

VM Arguments:
jvm_args: -agentlib:jdwp=transport=dt_socket,suspend=y,address=localhost:60356 -Dfile.encoding=Cp1252 -Xbootclasspath:E:\Android\ADT\adt-bundle-windows-x86_64-20130522\sdk\platforms\android-17\android.jar 
java_command: com.k53ca.lotterylive.activity.HeadTailStatis
Launcher Type: SUN_STANDARD

Environment Variables:
PATH=C:\Windows\system32;C:\Windows;C:\Windows\System32\Wbem;C:\Windows\System32\WindowsPowerShell\v1.0\;E:\Android\ADT\adt-bundle-windows-x86_64-20130522\sdk\platform-tools
USERNAME=dunglv
OS=Windows_NT
PROCESSOR_IDENTIFIER=Intel64 Family 6 Model 23 Stepping 10, GenuineIntel



---------------  S Y S T E M  ---------------

OS: Windows 7 , 64 bit Build 7600 

CPU:total 2 (2 cores per cpu, 1 threads per core) family 6 model 23 stepping 10, cmov, cx8, fxsr, mmx, sse, sse2, sse3, ssse3, tsc

Memory: 4k page, physical 4183544k(1582788k free), swap 8365192k(4497828k free)

vm_info: Java HotSpot(TM) 64-Bit Server VM (23.25-b01) for windows-amd64 JRE (1.7.0_25-b17), built on Jun 21 2013 12:58:32 by "java_re" with unknown MS VC++:1600

time: Wed Jul 24 15:30:15 2013
elapsed time: 0 seconds

