09:47:21.402 13-07-19 v [main] com.puritytech.crawler.log.TestLogger, line 15  DEBUG  :: debuging
09:47:21.405 13-07-19 v [main] com.puritytech.crawler.log.TestLogger, line 16  INFO  :: info
09:47:21.405 13-07-19 v [main] com.puritytech.crawler.log.TestLogger, line 17  WARN  :: warning
09:47:21.406 13-07-19 v [main] com.puritytech.crawler.log.TestLogger, line 18  ERROR  :: error
10:41:49.260 13-07-19 v [main] com.puritytech.crawler.log.TestLogger, line 27  DEBUG  :: debuging
10:41:49.314 13-07-19 v [main] com.puritytech.crawler.log.TestLogger, line 28  INFO  :: info
10:41:49.334 13-07-19 v [main] com.puritytech.crawler.log.TestLogger, line 29  WARN  :: warning
10:41:49.335 13-07-19 v [main] com.puritytech.crawler.log.TestLogger, line 30  ERROR  :: error
10:42:46.202 13-07-19 v [main] com.puritytech.crawler.log.TestLogger, line 27  DEBUG  :: debuging
10:42:46.205 13-07-19 v [main] com.puritytech.crawler.log.TestLogger, line 28  INFO  :: info
10:42:46.205 13-07-19 v [main] com.puritytech.crawler.log.TestLogger, line 29  WARN  :: warning
10:42:46.205 13-07-19 v [main] com.puritytech.crawler.log.TestLogger, line 30  ERROR  :: error
10:43:38.538 13-07-19 v [main] com.puritytech.crawler.log.TestLogger, line 27  DEBUG  :: debuging
10:43:38.541 13-07-19 v [main] com.puritytech.crawler.log.TestLogger, line 28  INFO  :: info
10:43:38.541 13-07-19 v [main] com.puritytech.crawler.log.TestLogger, line 29  WARN  :: warning
10:43:38.542 13-07-19 v [main] com.puritytech.crawler.log.TestLogger, line 30  ERROR  :: error
10:44:34.966 13-07-19 v [main] com.puritytech.crawler.log.TestLogger, line 27  DEBUG  :: debuging
10:44:34.969 13-07-19 v [main] com.puritytech.crawler.log.TestLogger, line 28  INFO  :: info
10:44:34.969 13-07-19 v [main] com.puritytech.crawler.log.TestLogger, line 29  WARN  :: warning
10:44:34.969 13-07-19 v [main] com.puritytech.crawler.log.TestLogger, line 30  ERROR  :: error
10:49:01.726 13-07-19 v [main] com.puritytech.crawler.log.TestLogger, line 30  DEBUG  :: debuging
10:49:01.729 13-07-19 v [main] com.puritytech.crawler.log.TestLogger, line 31  INFO  :: info
10:49:01.730 13-07-19 v [main] com.puritytech.crawler.log.TestLogger, line 32  WARN  :: warning
10:49:01.730 13-07-19 v [main] com.puritytech.crawler.log.TestLogger, line 33  ERROR  :: error
10:50:45.658 13-07-19 v [main] com.puritytech.crawler.log.TestLogger, line 30  DEBUG  :: debuging
10:50:45.661 13-07-19 v [main] com.puritytech.crawler.log.TestLogger, line 31  INFO  :: info
10:50:45.662 13-07-19 v [main] com.puritytech.crawler.log.TestLogger, line 32  WARN  :: warning
10:50:45.663 13-07-19 v [main] com.puritytech.crawler.log.TestLogger, line 33  ERROR  :: error
16:11:53.140 13-07-23 v [main] com.puritytech.db.Database, line 68  INFO  :: initialize Database
16:11:53.491 13-07-23 v [main] com.puritytech.db.Database, line 128  INFO  :: Successfully connect to: com.mysql.jdbc.JDBC4Connection@1cde100
16:17:38.450 13-07-23 v [main] com.puritytech.db.Database, line 68  INFO  :: initialize Database
16:17:38.691 13-07-23 v [main] com.puritytech.db.Database, line 128  INFO  :: Successfully connect to: com.mysql.jdbc.JDBC4Connection@1cde100
16:17:38.725 13-07-23 v [main] com.puritytech.crawler.xs.XosoMBCrawler, line 59  INFO  :: current date: Tue Jul 23 16:17:38 ICT 2013
16:19:42.791 13-07-23 v [main] com.puritytech.db.Database, line 68  INFO  :: initialize Database
16:19:43.032 13-07-23 v [main] com.puritytech.db.Database, line 128  INFO  :: Successfully connect to: com.mysql.jdbc.JDBC4Connection@1cde100
16:19:43.034 13-07-23 v [main] com.puritytech.crawler.xs.XosoMBCrawler, line 61  INFO  :: current date: Tue Jul 23 16:19:43 ICT 2013
16:19:58.567 13-07-23 v [main] com.puritytech.db.Database, line 68  INFO  :: initialize Database
16:19:58.837 13-07-23 v [main] com.puritytech.db.Database, line 128  INFO  :: Successfully connect to: com.mysql.jdbc.JDBC4Connection@16f0472
16:19:58.853 13-07-23 v [main] com.puritytech.crawler.xs.XosoMBCrawler, line 62  INFO  :: current date: Tue Jul 23 16:19:58 ICT 2013
16:20:22.351 13-07-23 v [main] com.puritytech.db.Database, line 68  INFO  :: initialize Database
16:20:22.602 13-07-23 v [main] com.puritytech.db.Database, line 128  INFO  :: Successfully connect to: com.mysql.jdbc.JDBC4Connection@1cde100
16:20:22.605 13-07-23 v [main] com.puritytech.crawler.xs.XosoMBCrawler, line 63  INFO  :: current date: Tue Jul 23 16:20:22 ICT 2013
16:22:44.076 13-07-23 v [main] com.puritytech.db.Database, line 68  INFO  :: initialize Database
16:22:44.348 13-07-23 v [main] com.puritytech.db.Database, line 128  INFO  :: Successfully connect to: com.mysql.jdbc.JDBC4Connection@1cde100
16:22:44.350 13-07-23 v [main] com.puritytech.crawler.xs.XosoMBCrawler, line 64  INFO  :: current date: Tue Jul 23 16:22:44 ICT 2013
16:23:06.533 13-07-23 v [main] com.puritytech.db.Database, line 68  INFO  :: initialize Database
16:23:06.775 13-07-23 v [main] com.puritytech.db.Database, line 128  INFO  :: Successfully connect to: com.mysql.jdbc.JDBC4Connection@1cde100
16:23:06.778 13-07-23 v [main] com.puritytech.crawler.xs.XosoMBCrawler, line 64  INFO  :: current date: Tue Jul 23 16:23:06 ICT 2013
16:28:46.003 13-07-23 v [main] com.puritytech.crawler.xs.XosoMBCrawler, line 47  INFO  :: current date: 2013-07-23
16:28:46.006 13-07-23 v [main] com.puritytech.crawler.xs.XosoMBCrawler, line 48  INFO  :: 7 day: null
16:28:46.006 13-07-23 v [main] com.puritytech.crawler.xs.XosoMBCrawler, line 49  INFO  :: 30 day: null
16:28:46.006 13-07-23 v [main] com.puritytech.crawler.xs.XosoMBCrawler, line 50  INFO  :: 90 day: null
16:28:46.008 13-07-23 v [main] com.puritytech.db.Database, line 68  INFO  :: initialize Database
16:28:46.246 13-07-23 v [main] com.puritytech.db.Database, line 128  INFO  :: Successfully connect to: com.mysql.jdbc.JDBC4Connection@16f0472
16:28:46.248 13-07-23 v [main] com.puritytech.crawler.xs.XosoMBCrawler, line 82  INFO  :: current date: Tue Jul 30 16:28:46 ICT 2013
16:28:58.069 13-07-23 v [main] com.puritytech.crawler.xs.XosoMBCrawler, line 47  INFO  :: current date: 2013-07-23
16:28:58.073 13-07-23 v [main] com.puritytech.crawler.xs.XosoMBCrawler, line 48  INFO  :: 7 day: null
16:28:58.073 13-07-23 v [main] com.puritytech.crawler.xs.XosoMBCrawler, line 49  INFO  :: 30 day: null
16:28:58.073 13-07-23 v [main] com.puritytech.crawler.xs.XosoMBCrawler, line 50  INFO  :: 90 day: null
16:28:58.075 13-07-23 v [main] com.puritytech.db.Database, line 68  INFO  :: initialize Database
16:28:58.317 13-07-23 v [main] com.puritytech.db.Database, line 128  INFO  :: Successfully connect to: com.mysql.jdbc.JDBC4Connection@1cde100
16:28:58.319 13-07-23 v [main] com.puritytech.crawler.xs.XosoMBCrawler, line 82  INFO  :: current date: Sun Aug 04 16:28:58 ICT 2013
16:30:23.207 13-07-23 v [main] com.puritytech.crawler.xs.XosoMBCrawler, line 47  INFO  :: current date: 2013-07-23
16:30:23.210 13-07-23 v [main] com.puritytech.crawler.xs.XosoMBCrawler, line 48  INFO  :: 7 day: null
16:30:23.211 13-07-23 v [main] com.puritytech.crawler.xs.XosoMBCrawler, line 49  INFO  :: 30 day: null
16:30:23.212 13-07-23 v [main] com.puritytech.crawler.xs.XosoMBCrawler, line 50  INFO  :: 90 day: null
16:30:23.213 13-07-23 v [main] com.puritytech.db.Database, line 68  INFO  :: initialize Database
16:30:23.452 13-07-23 v [main] com.puritytech.db.Database, line 128  INFO  :: Successfully connect to: com.mysql.jdbc.JDBC4Connection@1cde100
16:30:23.454 13-07-23 v [main] com.puritytech.crawler.xs.XosoMBCrawler, line 83  INFO  :: current date: Thu Jul 04 16:30:23 ICT 2013
16:30:36.905 13-07-23 v [main] com.puritytech.crawler.xs.XosoMBCrawler, line 47  INFO  :: current date: 2013-07-23
16:30:36.908 13-07-23 v [main] com.puritytech.crawler.xs.XosoMBCrawler, line 48  INFO  :: 7 day: null
16:30:36.908 13-07-23 v [main] com.puritytech.crawler.xs.XosoMBCrawler, line 49  INFO  :: 30 day: null
16:30:36.909 13-07-23 v [main] com.puritytech.crawler.xs.XosoMBCrawler, line 50  INFO  :: 90 day: null
16:30:36.910 13-07-23 v [main] com.puritytech.db.Database, line 68  INFO  :: initialize Database
16:30:37.143 13-07-23 v [main] com.puritytech.db.Database, line 128  INFO  :: Successfully connect to: com.mysql.jdbc.JDBC4Connection@1cde100
16:30:37.146 13-07-23 v [main] com.puritytech.crawler.xs.XosoMBCrawler, line 83  INFO  :: current date: Tue Jul 23 16:30:37 ICT 2013
16:31:00.384 13-07-23 v [main] com.puritytech.crawler.xs.XosoMBCrawler, line 47  INFO  :: current date: 2013-07-23
16:31:00.388 13-07-23 v [main] com.puritytech.crawler.xs.XosoMBCrawler, line 48  INFO  :: 7 day: null
16:31:00.388 13-07-23 v [main] com.puritytech.crawler.xs.XosoMBCrawler, line 49  INFO  :: 30 day: null
16:31:00.389 13-07-23 v [main] com.puritytech.crawler.xs.XosoMBCrawler, line 50  INFO  :: 90 day: null
16:31:00.391 13-07-23 v [main] com.puritytech.db.Database, line 68  INFO  :: initialize Database
16:31:00.639 13-07-23 v [main] com.puritytech.db.Database, line 128  INFO  :: Successfully connect to: com.mysql.jdbc.JDBC4Connection@16f0472
16:31:00.642 13-07-23 v [main] com.puritytech.crawler.xs.XosoMBCrawler, line 82  INFO  :: current date: Tue Jul 23 16:31:00 ICT 2013
16:31:00.642 13-07-23 v [main] com.puritytech.crawler.xs.XosoMBCrawler, line 84  INFO  :: 10 date: Tue Jul 02 16:31:00 ICT 2013
16:31:39.117 13-07-23 v [main] com.puritytech.crawler.xs.XosoMBCrawler, line 47  INFO  :: current date: 2013-07-23
16:31:39.120 13-07-23 v [main] com.puritytech.crawler.xs.XosoMBCrawler, line 48  INFO  :: 7 day: null
16:31:39.121 13-07-23 v [main] com.puritytech.crawler.xs.XosoMBCrawler, line 49  INFO  :: 30 day: null
16:31:39.122 13-07-23 v [main] com.puritytech.crawler.xs.XosoMBCrawler, line 50  INFO  :: 90 day: null
16:31:39.123 13-07-23 v [main] com.puritytech.db.Database, line 68  INFO  :: initialize Database
16:31:39.383 13-07-23 v [main] com.puritytech.db.Database, line 128  INFO  :: Successfully connect to: com.mysql.jdbc.JDBC4Connection@1cde100
16:31:39.386 13-07-23 v [main] com.puritytech.crawler.xs.XosoMBCrawler, line 82  INFO  :: current date: Tue Jul 23 16:31:39 ICT 2013
16:31:39.387 13-07-23 v [main] com.puritytech.crawler.xs.XosoMBCrawler, line 84  INFO  :: 10 date: Wed Jul 24 16:31:39 ICT 2013
16:32:44.869 13-07-23 v [main] com.puritytech.crawler.xs.XosoMBCrawler, line 47  INFO  :: current date: 2013-07-23
16:32:44.871 13-07-23 v [main] com.puritytech.crawler.xs.XosoMBCrawler, line 48  INFO  :: 7 day: null
16:32:44.872 13-07-23 v [main] com.puritytech.crawler.xs.XosoMBCrawler, line 49  INFO  :: 30 day: null
16:32:44.872 13-07-23 v [main] com.puritytech.crawler.xs.XosoMBCrawler, line 50  INFO  :: 90 day: null
16:32:44.873 13-07-23 v [main] com.puritytech.db.Database, line 68  INFO  :: initialize Database
16:32:45.110 13-07-23 v [main] com.puritytech.db.Database, line 128  INFO  :: Successfully connect to: com.mysql.jdbc.JDBC4Connection@18d107f
16:32:45.113 13-07-23 v [main] com.puritytech.crawler.xs.XosoMBCrawler, line 82  INFO  :: current date: Sun Jul 21 16:32:45 ICT 2013
16:32:45.113 13-07-23 v [main] com.puritytech.crawler.xs.XosoMBCrawler, line 84  INFO  :: 10 date: Sun Jul 21 16:32:45 ICT 2013
16:32:56.832 13-07-23 v [main] com.puritytech.crawler.xs.XosoMBCrawler, line 47  INFO  :: current date: 2013-07-23
16:32:56.835 13-07-23 v [main] com.puritytech.crawler.xs.XosoMBCrawler, line 48  INFO  :: 7 day: null
16:32:56.835 13-07-23 v [main] com.puritytech.crawler.xs.XosoMBCrawler, line 49  INFO  :: 30 day: null
16:32:56.836 13-07-23 v [main] com.puritytech.crawler.xs.XosoMBCrawler, line 50  INFO  :: 90 day: null
16:32:56.837 13-07-23 v [main] com.puritytech.db.Database, line 68  INFO  :: initialize Database
16:32:57.070 13-07-23 v [main] com.puritytech.db.Database, line 128  INFO  :: Successfully connect to: com.mysql.jdbc.JDBC4Connection@16f0472
16:32:57.073 13-07-23 v [main] com.puritytech.crawler.xs.XosoMBCrawler, line 82  INFO  :: current date: Tue Jul 23 16:32:57 ICT 2013
16:32:57.073 13-07-23 v [main] com.puritytech.crawler.xs.XosoMBCrawler, line 85  INFO  :: 10 date: Sun Jul 21 16:32:57 ICT 2013
16:33:59.379 13-07-23 v [main] com.puritytech.crawler.xs.XosoMBCrawler, line 51  INFO  :: current date: 2013-07-23
16:33:59.382 13-07-23 v [main] com.puritytech.crawler.xs.XosoMBCrawler, line 52  INFO  :: 7 day: null
16:33:59.382 13-07-23 v [main] com.puritytech.crawler.xs.XosoMBCrawler, line 53  INFO  :: 30 day: null
16:33:59.382 13-07-23 v [main] com.puritytech.crawler.xs.XosoMBCrawler, line 54  INFO  :: 90 day: null
16:33:59.384 13-07-23 v [main] com.puritytech.db.Database, line 68  INFO  :: initialize Database
16:33:59.623 13-07-23 v [main] com.puritytech.db.Database, line 128  INFO  :: Successfully connect to: com.mysql.jdbc.JDBC4Connection@18d107f
16:33:59.625 13-07-23 v [main] com.puritytech.crawler.xs.XosoMBCrawler, line 86  INFO  :: current date: Tue Jul 23 16:33:59 ICT 2013
16:33:59.626 13-07-23 v [main] com.puritytech.crawler.xs.XosoMBCrawler, line 89  INFO  :: 10 date: Wed Apr 24 16:33:59 ICT 2013
16:39:58.374 13-07-23 v [main] com.puritytech.crawler.xs.XosoMBCrawler, line 67  INFO  :: current date: 2013-07-23
16:39:58.377 13-07-23 v [main] com.puritytech.crawler.xs.XosoMBCrawler, line 68  INFO  :: 7 day: 2013-07-16
16:39:58.377 13-07-23 v [main] com.puritytech.crawler.xs.XosoMBCrawler, line 69  INFO  :: 30 day: 2013-06-23
16:39:58.377 13-07-23 v [main] com.puritytech.crawler.xs.XosoMBCrawler, line 70  INFO  :: 90 day: 2013-04-24
16:39:58.379 13-07-23 v [main] com.puritytech.db.Database, line 68  INFO  :: initialize Database
16:39:58.621 13-07-23 v [main] com.puritytech.db.Database, line 128  INFO  :: Successfully connect to: com.mysql.jdbc.JDBC4Connection@16f0472
